INFO:sim:172 - Generating IP...
Applying current project options...
Finished applying current project options.
WARNING:sim - A core named 'rs485fifo' already exists in the project. Output
   products for this core may be overwritten.
Resolving generics for 'rs485fifo'...
WARNING:sim - A core named 'rs485fifo' already exists in the project. Output
   products for this core may be overwritten.
Applying external generics to 'rs485fifo'...
Delivering associated files for 'rs485fifo'...
Delivering EJava files for 'rs485fifo'...
Generating implementation netlist for 'rs485fifo'...
INFO:sim - Pre-processing HDL files for 'rs485fifo'...
WARNING:sim - BlackBox generator run option '-ifmt' found multiple times. Only
   the first occurence is considered.
Running synthesis for 'rs485fifo'
Running ngcbuild...
Writing VHO instantiation template for 'rs485fifo'...
Writing VHDL behavioral simulation model for 'rs485fifo'...
WARNING:sim - Overwriting existing file
   C:/Xilinx/projects/taxi/firmware/iceScint/ipcore_dir/tmp/_cg/rs485fifo/doc/fi
   fo_generator_v9_3_vinfo.html with file from view xilinx_documentation
Delivered 3 files into directory
C:/Xilinx/projects/taxi/firmware/iceScint/ipcore_dir/tmp/_cg/rs485fifo
Delivered 1 file into directory
C:/Xilinx/projects/taxi/firmware/iceScint/ipcore_dir/tmp/_cg/rs485fifo
Generating ASY schematic symbol...
INFO:sim:949 - Finished generation of ASY schematic symbol.
Generating SYM schematic symbol for 'rs485fifo'...
Generating metadata file...
Regenerating ISE project file for 'rs485fifo'...
Generating ISE project...
XCO file found: rs485fifo.xco
XMDF file found: rs485fifo_xmdf.tcl
Adding
C:/Xilinx/projects/taxi/firmware/iceScint/ipcore_dir/tmp/_cg/rs485fifo.asy -view
all -origin_type imported
Adding
C:/Xilinx/projects/taxi/firmware/iceScint/ipcore_dir/tmp/_cg/rs485fifo.ngc -view
all -origin_type created
Checking file
"C:/Xilinx/projects/taxi/firmware/iceScint/ipcore_dir/tmp/_cg/rs485fifo.ngc" for
project device match ...
File
"C:/Xilinx/projects/taxi/firmware/iceScint/ipcore_dir/tmp/_cg/rs485fifo.ngc"
device information matches project device.
Adding
C:/Xilinx/projects/taxi/firmware/iceScint/ipcore_dir/tmp/_cg/rs485fifo.sym -view
all -origin_type imported
Adding
C:/Xilinx/projects/taxi/firmware/iceScint/ipcore_dir/tmp/_cg/rs485fifo.vhd -view
all -origin_type created
INFO:HDLCompiler:1061 - Parsing VHDL file
   "C:/Xilinx/projects/taxi/firmware/iceScint/ipcore_dir/tmp/_cg/rs485fifo.vhd"
   into library work
INFO:ProjectMgmt - Parsing design hierarchy completed successfully.
Adding
C:/Xilinx/projects/taxi/firmware/iceScint/ipcore_dir/tmp/_cg/rs485fifo.vho -view
all -origin_type imported
INFO:TclTasksC:2116 - The automatic calculation of top has been turned-off.
   Please set the new top explicitly by running the "project set top" command.
   To re-calculate the new top automatically, set the "Auto Implementation Top"
   property to true.
Top level has been set to "/rs485fifo"
Generating README file...
Generating FLIST file...
INFO:sim:948 - Finished FLIST file generation.
Launching README viewer...
Moving files to output directory...
Finished moving files to output directory
Wrote CGP file for project 'rs485fifo'.
