INFO:sim:172 - Generating IP...
Applying current project options...
Finished applying current project options.
WARNING:sim - A core named 'eventFifoPolarstern' already exists in the project.
   Output products for this core may be overwritten.
Resolving generics for 'eventFifoPolarstern'...
WARNING:sim - A core named 'eventFifoPolarstern' already exists in the project.
   Output products for this core may be overwritten.
Applying external generics to 'eventFifoPolarstern'...
Delivering associated files for 'eventFifoPolarstern'...
Delivering EJava files for 'eventFifoPolarstern'...
Generating implementation netlist for 'eventFifoPolarstern'...
INFO:sim - Pre-processing HDL files for 'eventFifoPolarstern'...
WARNING:sim - BlackBox generator run option '-ifmt' found multiple times. Only
   the first occurence is considered.
Running synthesis for 'eventFifoPolarstern'
Running ngcbuild...
Writing VHO instantiation template for 'eventFifoPolarstern'...
Writing VHDL behavioral simulation model for 'eventFifoPolarstern'...
WARNING:sim - Overwriting existing file
   C:/Xilinx/projects/taxi_sp_last/firmware/common/ipcore_dir/tmp/_cg/eventFifoP
   olarstern/doc/fifo_generator_v9_3_vinfo.html with file from view
   xilinx_documentation
Delivered 3 files into directory
C:/Xilinx/projects/taxi_sp_last/firmware/common/ipcore_dir/tmp/_cg/eventFifoPola
rstern
Delivered 1 file into directory
C:/Xilinx/projects/taxi_sp_last/firmware/common/ipcore_dir/tmp/_cg/eventFifoPola
rstern
Generating ASY schematic symbol...
INFO:sim:949 - Finished generation of ASY schematic symbol.
Generating SYM schematic symbol for 'eventFifoPolarstern'...
Generating metadata file...
Regenerating ISE project file for 'eventFifoPolarstern'...
Generating ISE project...
XCO file found: eventFifoPolarstern.xco
XMDF file found: eventFifoPolarstern_xmdf.tcl
Adding
C:/Xilinx/projects/taxi_sp_last/firmware/common/ipcore_dir/tmp/_cg/eventFifoPola
rstern.asy -view all -origin_type imported
Adding
C:/Xilinx/projects/taxi_sp_last/firmware/common/ipcore_dir/tmp/_cg/eventFifoPola
rstern.ngc -view all -origin_type created
Checking file
"C:/Xilinx/projects/taxi_sp_last/firmware/common/ipcore_dir/tmp/_cg/eventFifoPol
arstern.ngc" for project device match ...
File
"C:/Xilinx/projects/taxi_sp_last/firmware/common/ipcore_dir/tmp/_cg/eventFifoPol
arstern.ngc" device information matches project device.
Adding
C:/Xilinx/projects/taxi_sp_last/firmware/common/ipcore_dir/tmp/_cg/eventFifoPola
rstern.sym -view all -origin_type imported
Adding
C:/Xilinx/projects/taxi_sp_last/firmware/common/ipcore_dir/tmp/_cg/eventFifoPola
rstern.vhd -view all -origin_type created
INFO:HDLCompiler:1061 - Parsing VHDL file
   "C:/Xilinx/projects/taxi_sp_last/firmware/common/ipcore_dir/tmp/_cg/eventFifo
   Polarstern.vhd" into library work
INFO:ProjectMgmt - Parsing design hierarchy completed successfully.
Adding
C:/Xilinx/projects/taxi_sp_last/firmware/common/ipcore_dir/tmp/_cg/eventFifoPola
rstern.vho -view all -origin_type imported
INFO:TclTasksC:2116 - The automatic calculation of top has been turned-off.
   Please set the new top explicitly by running the "project set top" command.
   To re-calculate the new top automatically, set the "Auto Implementation Top"
   property to true.
Top level has been set to "/eventFifoPolarstern"
Generating README file...
Generating FLIST file...
INFO:sim:948 - Finished FLIST file generation.
Launching README viewer...
Moving files to output directory...
Finished moving files to output directory
Wrote CGP file for project 'eventFifoPolarstern'.
