INFO:sim:172 - Generating IP...
Applying current project options...
Finished applying current project options.
WARNING:sim - A core named 'drs4OffsetCorrectionRam' already exists in the
   project. Output products for this core may be overwritten.
Resolving generics for 'drs4OffsetCorrectionRam'...
WARNING:sim - A core named 'drs4OffsetCorrectionRam' already exists in the
   project. Output products for this core may be overwritten.
Applying external generics to 'drs4OffsetCorrectionRam'...
Delivering associated files for 'drs4OffsetCorrectionRam'...
Delivering EJava files for 'drs4OffsetCorrectionRam'...
Generating implementation netlist for 'drs4OffsetCorrectionRam'...
INFO:sim - Pre-processing HDL files for 'drs4OffsetCorrectionRam'...
Running synthesis for 'drs4OffsetCorrectionRam'
Running ngcbuild...
Writing VHO instantiation template for 'drs4OffsetCorrectionRam'...
Writing VHDL behavioral simulation model for 'drs4OffsetCorrectionRam'...
WARNING:sim - Overwriting existing file
   C:/Xilinx/projects/taxi_firmware/iceScint/ipcore_dir/tmp/_cg/drs4OffsetCorrec
   tionRam/doc/blk_mem_gen_v7_3_vinfo.html with file from view
   xilinx_documentation
Delivered 1 file into directory
C:/Xilinx/projects/taxi_firmware/iceScint/ipcore_dir/tmp/_cg/drs4OffsetCorrectio
nRam
Generating ASY schematic symbol...
INFO:sim:949 - Finished generation of ASY schematic symbol.
Generating SYM schematic symbol for 'drs4OffsetCorrectionRam'...
Generating metadata file...
Regenerating ISE project file for 'drs4OffsetCorrectionRam'...
Generating ISE project...
XCO file found: drs4OffsetCorrectionRam.xco
XMDF file found: drs4OffsetCorrectionRam_xmdf.tcl
Adding
C:/Xilinx/projects/taxi_firmware/iceScint/ipcore_dir/tmp/_cg/drs4OffsetCorrectio
nRam.asy -view all -origin_type imported
Adding
C:/Xilinx/projects/taxi_firmware/iceScint/ipcore_dir/tmp/_cg/drs4OffsetCorrectio
nRam.ngc -view all -origin_type created
Checking file
"C:/Xilinx/projects/taxi_firmware/iceScint/ipcore_dir/tmp/_cg/drs4OffsetCorrecti
onRam.ngc" for project device match ...
File
"C:/Xilinx/projects/taxi_firmware/iceScint/ipcore_dir/tmp/_cg/drs4OffsetCorrecti
onRam.ngc" device information matches project device.
Adding
C:/Xilinx/projects/taxi_firmware/iceScint/ipcore_dir/tmp/_cg/drs4OffsetCorrectio
nRam.sym -view all -origin_type imported
Adding
C:/Xilinx/projects/taxi_firmware/iceScint/ipcore_dir/tmp/_cg/drs4OffsetCorrectio
nRam.vhd -view all -origin_type created
INFO:HDLCompiler:1061 - Parsing VHDL file
   "C:/Xilinx/projects/taxi_firmware/iceScint/ipcore_dir/tmp/_cg/drs4OffsetCorre
   ctionRam.vhd" into library work
INFO:ProjectMgmt - Parsing design hierarchy completed successfully.
Adding
C:/Xilinx/projects/taxi_firmware/iceScint/ipcore_dir/tmp/_cg/drs4OffsetCorrectio
nRam.vho -view all -origin_type imported
INFO:TclTasksC:2116 - The automatic calculation of top has been turned-off.
   Please set the new top explicitly by running the "project set top" command.
   To re-calculate the new top automatically, set the "Auto Implementation Top"
   property to true.
Top level has been set to "/drs4OffsetCorrectionRam"
Generating README file...
Generating FLIST file...
INFO:sim:948 - Finished FLIST file generation.
Launching README viewer...
Moving files to output directory...
Finished moving files to output directory
Wrote CGP file for project 'drs4OffsetCorrectionRam'.
